0 info it worked if it ends with ok
1 verbose cli [ '/usr/local/bin/node', '/usr/local/bin/npm', 'adduser' ]
2 info using npm@1.4.28
3 info using node@v0.10.40
4 verbose node symlink /usr/local/bin/node
5 warn Username must be lowercase
6 error Error: canceled
6 error     at Interface.<anonymous> (/usr/local/lib/node_modules/npm/node_modules/read/lib/read.js:66:13)
6 error     at Interface.emit (events.js:92:17)
6 error     at Interface._ttyWrite (readline.js:621:16)
6 error     at ReadStream.onkeypress (readline.js:100:10)
6 error     at ReadStream.emit (events.js:98:17)
6 error     at emitKey (readline.js:1096:12)
6 error     at ReadStream.onData (readline.js:841:14)
6 error     at ReadStream.emit (events.js:95:17)
6 error     at ReadStream.<anonymous> (_stream_readable.js:765:14)
6 error     at ReadStream.emit (events.js:92:17)
7 error If you need help, you may report this *entire* log,
7 error including the npm and node versions, at:
7 error     <http://github.com/npm/npm/issues>
8 error System Darwin 13.4.0
9 error command "/usr/local/bin/node" "/usr/local/bin/npm" "adduser"
10 error cwd /Users/apple/Desktop/Hunsicker/Hunsicker
11 error node -v v0.10.40
12 error npm -v 1.4.28
13 verbose exit [ 1, true ]
